Determining if the pthread_create exist failed with the following output:
Change Dir: /home/amir/Dune-projects/dune-adaptivegridinterface-multilevelquadrature/build-cmake/CMakeFiles/CMakeTmp

Run Build Command:"/usr/bin/make" "cmTC_4ec28/fast"
/usr/bin/make -f CMakeFiles/cmTC_4ec28.dir/build.make CMakeFiles/cmTC_4ec28.dir/build
make[1]: Entering directory '/home/amir/Dune-projects/dune-adaptivegridinterface-multilevelquadrature/build-cmake/CMakeFiles/CMakeTmp'
Building C object CMakeFiles/cmTC_4ec28.dir/CheckSymbolExists.c.o
/usr/bin/cc    -o CMakeFiles/cmTC_4ec28.dir/CheckSymbolExists.c.o   -c /home/amir/Dune-projects/dune-adaptivegridinterface-multilevelquadrature/build-cmake/CMakeFiles/CMakeTmp/CheckSymbolExists.c
Linking C executable cmTC_4ec28
/usr/bin/cmake -E cmake_link_script CMakeFiles/cmTC_4ec28.dir/link.txt --verbose=1
/usr/bin/cc      -rdynamic CMakeFiles/cmTC_4ec28.dir/CheckSymbolExists.c.o  -o cmTC_4ec28 
CMakeFiles/cmTC_4ec28.dir/CheckSymbolExists.c.o: In function `main':
CheckSymbolExists.c:(.text+0x1b): undefined reference to `pthread_create'
collect2: error: ld returned 1 exit status
CMakeFiles/cmTC_4ec28.dir/build.make:97: recipe for target 'cmTC_4ec28' failed
make[1]: *** [cmTC_4ec28] Error 1
make[1]: Leaving directory '/home/amir/Dune-projects/dune-adaptivegridinterface-multilevelquadrature/build-cmake/CMakeFiles/CMakeTmp'
Makefile:126: recipe for target 'cmTC_4ec28/fast' failed
make: *** [cmTC_4ec28/fast] Error 2

File /home/amir/Dune-projects/dune-adaptivegridinterface-multilevelquadrature/build-cmake/CMakeFiles/CMakeTmp/CheckSymbolExists.c:
/* */
#include <pthread.h>

int main(int argc, char** argv)
{
  (void)argv;
#ifndef pthread_create
  return ((int*)(&pthread_create))[argc];
#else
  (void)argc;
  return 0;
#endif
}

Determining if the include file gmpxx.h exists failed with the following output:
Change Dir: /home/amir/Dune-projects/dune-adaptivegridinterface-multilevelquadrature/build-cmake/CMakeFiles/CMakeTmp

Run Build Command:"/usr/bin/make" "cmTC_103bd/fast"
/usr/bin/make -f CMakeFiles/cmTC_103bd.dir/build.make CMakeFiles/cmTC_103bd.dir/build
make[1]: Entering directory '/home/amir/Dune-projects/dune-adaptivegridinterface-multilevelquadrature/build-cmake/CMakeFiles/CMakeTmp'
Building CXX object CMakeFiles/cmTC_103bd.dir/CheckIncludeFile.cxx.o
/usr/bin/c++    -std=c++14   -O3 -DNDEBUG   -o CMakeFiles/cmTC_103bd.dir/CheckIncludeFile.cxx.o -c /home/amir/Dune-projects/dune-adaptivegridinterface-multilevelquadrature/build-cmake/CMakeFiles/CMakeTmp/CheckIncludeFile.cxx
/home/amir/Dune-projects/dune-adaptivegridinterface-multilevelquadrature/build-cmake/CMakeFiles/CMakeTmp/CheckIncludeFile.cxx:1:10: fatal error: gmpxx.h: No such file or directory
 #include <gmpxx.h>
          ^~~~~~~~~
compilation terminated.
CMakeFiles/cmTC_103bd.dir/build.make:65: recipe for target 'CMakeFiles/cmTC_103bd.dir/CheckIncludeFile.cxx.o' failed
make[1]: *** [CMakeFiles/cmTC_103bd.dir/CheckIncludeFile.cxx.o] Error 1
make[1]: Leaving directory '/home/amir/Dune-projects/dune-adaptivegridinterface-multilevelquadrature/build-cmake/CMakeFiles/CMakeTmp'
Makefile:126: recipe for target 'cmTC_103bd/fast' failed
make: *** [cmTC_103bd/fast] Error 2


Determing location of GMP failed:
Include directory: GMP_INCLUDE_DIR-NOTFOUND
gmp library directory: GMP_LIB-NOTFOUND
gmpx library directory: GMPXX_LIB-NOTFOUND

Determining if the include file metis.h exists failed with the following output:
Change Dir: /home/amir/Dune-projects/dune-adaptivegridinterface-multilevelquadrature/build-cmake/CMakeFiles/CMakeTmp

Run Build Command:"/usr/bin/make" "cmTC_57106/fast"
/usr/bin/make -f CMakeFiles/cmTC_57106.dir/build.make CMakeFiles/cmTC_57106.dir/build
make[1]: Entering directory '/home/amir/Dune-projects/dune-adaptivegridinterface-multilevelquadrature/build-cmake/CMakeFiles/CMakeTmp'
Building C object CMakeFiles/cmTC_57106.dir/CheckIncludeFile.c.o
/usr/bin/cc   -O3 -DNDEBUG   -o CMakeFiles/cmTC_57106.dir/CheckIncludeFile.c.o   -c /home/amir/Dune-projects/dune-adaptivegridinterface-multilevelquadrature/build-cmake/CMakeFiles/CMakeTmp/CheckIncludeFile.c
/home/amir/Dune-projects/dune-adaptivegridinterface-multilevelquadrature/build-cmake/CMakeFiles/CMakeTmp/CheckIncludeFile.c:1:10: fatal error: metis.h: No such file or directory
 #include <metis.h>
          ^~~~~~~~~
compilation terminated.
CMakeFiles/cmTC_57106.dir/build.make:65: recipe for target 'CMakeFiles/cmTC_57106.dir/CheckIncludeFile.c.o' failed
make[1]: *** [CMakeFiles/cmTC_57106.dir/CheckIncludeFile.c.o] Error 1
make[1]: Leaving directory '/home/amir/Dune-projects/dune-adaptivegridinterface-multilevelquadrature/build-cmake/CMakeFiles/CMakeTmp'
Makefile:126: recipe for target 'cmTC_57106/fast' failed
make: *** [cmTC_57106/fast] Error 2


Determing location of METIS failed:
Include directory: 
Library directory: 

Determining if the include file parmetis.h exists failed with the following output:
Change Dir: /home/amir/Dune-projects/dune-adaptivegridinterface-multilevelquadrature/build-cmake/CMakeFiles/CMakeTmp

Run Build Command:"/usr/bin/make" "cmTC_7d2b0/fast"
/usr/bin/make -f CMakeFiles/cmTC_7d2b0.dir/build.make CMakeFiles/cmTC_7d2b0.dir/build
make[1]: Entering directory '/home/amir/Dune-projects/dune-adaptivegridinterface-multilevelquadrature/build-cmake/CMakeFiles/CMakeTmp'
Building C object CMakeFiles/cmTC_7d2b0.dir/CheckIncludeFile.c.o
/usr/bin/cc   -pthread -O3 -DNDEBUG   -o CMakeFiles/cmTC_7d2b0.dir/CheckIncludeFile.c.o   -c /home/amir/Dune-projects/dune-adaptivegridinterface-multilevelquadrature/build-cmake/CMakeFiles/CMakeTmp/CheckIncludeFile.c
/home/amir/Dune-projects/dune-adaptivegridinterface-multilevelquadrature/build-cmake/CMakeFiles/CMakeTmp/CheckIncludeFile.c:1:10: fatal error: parmetis.h: No such file or directory
 #include <parmetis.h>
          ^~~~~~~~~~~~
compilation terminated.
CMakeFiles/cmTC_7d2b0.dir/build.make:65: recipe for target 'CMakeFiles/cmTC_7d2b0.dir/CheckIncludeFile.c.o' failed
make[1]: *** [CMakeFiles/cmTC_7d2b0.dir/CheckIncludeFile.c.o] Error 1
make[1]: Leaving directory '/home/amir/Dune-projects/dune-adaptivegridinterface-multilevelquadrature/build-cmake/CMakeFiles/CMakeTmp'
Makefile:126: recipe for target 'cmTC_7d2b0/fast' failed
make: *** [cmTC_7d2b0/fast] Error 2


Determing location of ARPACK++ failed:
Include directory: 
Libraries to link against: 

Determing location of METIS failed:
Include directory: 
Library directory: 

Determining location of psurface failed:
Include directory: 
Library directory: 

Determing location of GMP failed:
Include directory: GMP_INCLUDE_DIR-NOTFOUND
gmp library directory: GMP_LIB-NOTFOUND
gmpx library directory: GMPXX_LIB-NOTFOUND

Determing location of METIS failed:
Include directory: 
Library directory: 

Determing location of ARPACK++ failed:
Include directory: 
Libraries to link against: 

Determing location of METIS failed:
Include directory: 
Library directory: 

Determining location of psurface failed:
Include directory: 
Library directory: 

Determing location of GMP failed:
Include directory: GMP_INCLUDE_DIR-NOTFOUND
gmp library directory: GMP_LIB-NOTFOUND
gmpx library directory: GMPXX_LIB-NOTFOUND

Determing location of METIS failed:
Include directory: 
Library directory: 

Determing location of ARPACK++ failed:
Include directory: 
Libraries to link against: 

Determing location of METIS failed:
Include directory: 
Library directory: 

Determining location of psurface failed:
Include directory: 
Library directory: 

Determing location of GMP failed:
Include directory: GMP_INCLUDE_DIR-NOTFOUND
gmp library directory: GMP_LIB-NOTFOUND
gmpx library directory: GMPXX_LIB-NOTFOUND

Determing location of METIS failed:
Include directory: 
Library directory: 

Determing location of ARPACK++ failed:
Include directory: 
Libraries to link against: 

Determing location of METIS failed:
Include directory: 
Library directory: 

Determining location of psurface failed:
Include directory: 
Library directory: 

